[ 12/27/2022 16:02:07.524 parse_config_libconfig WARN ] The refresh-rate option has been deprecated. Please remove it from your configuration file. If you encounter any problems without this feature, please feel free to open a bug report
Discord 0.0.22

(discord:20399): Gtk-WARNING **: 16:06:52.106: Theme parsing error: gtk.css:7190:16: Junk at end of value for color

(discord:20399): Gtk-WARNING **: 16:06:52.106: Theme parsing error: gtk.css:7237:15: unknown value for property

(discord:20399): Gtk-WARNING **: 16:06:52.106: Theme parsing error: gtk.css:7284:5: 'boder' is not a valid property name

(discord:20399): Gtk-WARNING **: 16:06:52.107: Theme parsing error: gtk.css:7329:0: Expected a valid selector

(discord:20399): Gtk-WARNING **: 16:06:52.113: Theme parsing error: gtk.css:10832:13: Not using units is deprecated. Assuming 'px'.

(discord:20399): Gtk-WARNING **: 16:06:52.113: Theme parsing error: gtk.css:10874:17: Not using units is deprecated. Assuming 'px'.

(discord:20399): Gtk-WARNING **: 16:06:52.113: Theme parsing error: gtk.css:10940:17: Not using units is deprecated. Assuming 'px'.
Starting app.
Starting updater.
[Modules] Modules initializing
[Modules] Distribution: remote
[Modules] Host updates: enabled
[Modules] Module updates: enabled
[Modules] Module install path: /home/catsoup/.config/discord/0.0.22/modules
[Modules] Module installed file path: /home/catsoup/.config/discord/0.0.22/modules/installed.json
[Modules] Module download path: /home/catsoup/.config/discord/0.0.22/modules/pending
[Modules] No updates to install
[Modules] Checking for host updates.
[Modules] Host is up to date.
[Modules] Checking for module updates at https://discord.com/api/modules/stable/versions.json
[Modules] No module updates available.
Optional module ./ElectronTestRpc was not included.
WEIGHT /home/catsoup/.config/discord/0.0.22/modules/discord_krisp/NC_small_8k.thw
WEIGHT /home/catsoup/.config/discord/0.0.22/modules/discord_krisp/NC_small_16k.thw
WEIGHT /home/catsoup/.config/discord/0.0.22/modules/discord_krisp/c6.s.f.27f1a3.thw
WEIGHT /home/catsoup/.config/discord/0.0.22/modules/discord_krisp/VAD_weight.thw
[Modules] Checking for host updates.
[Modules] Host is up to date.
[Modules] Checking for module updates at https://discord.com/api/modules/stable/versions.json
[Modules] No module updates available.
[Modules] Checking for host updates.
[Modules] Host is up to date.
[Modules] Checking for module updates at https://discord.com/api/modules/stable/versions.json
[Modules] No module updates available.
[Modules] Checking for host updates.
[Modules] Host is up to date.
[Modules] Checking for module updates at https://discord.com/api/modules/stable/versions.json
[Modules] No module updates available.
[Modules] Checking for host updates.
[Modules] Host is up to date.
[Modules] Checking for module updates at https://discord.com/api/modules/stable/versions.json
[Modules] No module updates available.
