Opening in existing browser session.
[31091:31091:1119/183258.064260:ERROR:gl_utils.cc(319)] [.RendererMainThread-0x8bc00333f00]GL Driver Message (OpenGL, Performance, GL_CLOSE_PATH_NV, High): GPU stall due to ReadPixels
[31091:31091:1119/183258.067850:ERROR:gl_utils.cc(319)] [.RendererMainThread-0x8bc00333f00]GL Driver Message (OpenGL, Performance, GL_CLOSE_PATH_NV, High): GPU stall due to ReadPixels
[31091:31091:1119/183258.072442:ERROR:gl_utils.cc(319)] [.RendererMainThread-0x8bc00333f00]GL Driver Message (OpenGL, Performance, GL_CLOSE_PATH_NV, High): GPU stall due to ReadPixels
[31091:31091:1119/183258.076486:ERROR:gl_utils.cc(319)] [.RendererMainThread-0x8bc00333f00]GL Driver Message (OpenGL, Performance, GL_CLOSE_PATH_NV, High): GPU stall due to ReadPixels (this message will no longer repeat)
Fontconfig error: Cannot load default config file: No such file: (null)
Error in cpuinfo: failed to parse processor information from /proc/cpuinfo
[31091:31091:1119/190031.381105:ERROR:shared_image_manager.cc(189)] SharedImageManager::ProduceSkia: Trying to Produce a Skia representation from a non-existent mailbox.
[31091:31091:1119/190031.381907:ERROR:shared_image_manager.cc(189)] SharedImageManager::ProduceSkia: Trying to Produce a Skia representation from a non-existent mailbox.
[33713:33713:1119/190336.124330:ERROR:gl_utils.cc(319)] [.RendererMainThread-0x1ba800337f00]GL Driver Message (OpenGL, Performance, GL_CLOSE_PATH_NV, High): GPU stall due to ReadPixels
[33713:33713:1119/190336.127758:ERROR:gl_utils.cc(319)] [.RendererMainThread-0x1ba800337f00]GL Driver Message (OpenGL, Performance, GL_CLOSE_PATH_NV, High): GPU stall due to ReadPixels
[33713:33713:1119/190336.132298:ERROR:gl_utils.cc(319)] [.RendererMainThread-0x1ba800337f00]GL Driver Message (OpenGL, Performance, GL_CLOSE_PATH_NV, High): GPU stall due to ReadPixels
[33713:33713:1119/190336.136618:ERROR:gl_utils.cc(319)] [.RendererMainThread-0x1ba800337f00]GL Driver Message (OpenGL, Performance, GL_CLOSE_PATH_NV, High): GPU stall due to ReadPixels (this message will no longer repeat)
Error in cpuinfo: failed to parse processor information from /proc/cpuinfo
Error in cpuinfo: failed to parse processor information from /proc/cpuinfo
Error in cpuinfo: failed to parse processor information from /proc/cpuinfo
[33713:33713:1119/195814.819055:ERROR:shared_image_manager.cc(189)] SharedImageManager::ProduceSkia: Trying to Produce a Skia representation from a non-existent mailbox.
[33713:33713:1119/195814.819433:ERROR:shared_image_manager.cc(189)] SharedImageManager::ProduceSkia: Trying to Produce a Skia representation from a non-existent mailbox.
[33713:33713:1119/195814.819739:ERROR:shared_image_manager.cc(189)] SharedImageManager::ProduceSkia: Trying to Produce a Skia representation from a non-existent mailbox.
[33713:33713:1119/195814.819987:ERROR:shared_image_manager.cc(189)] SharedImageManager::ProduceSkia: Trying to Produce a Skia representation from a non-existent mailbox.
Error in cpuinfo: failed to parse processor information from /proc/cpuinfo
Error in cpuinfo: failed to parse processor information from /proc/cpuinfo
[libprotobuf ERROR ../../third_party/protobuf/src/google/protobuf/message_lite.cc:133] Can't parse message of type "safe_browsing.ClientDownloadRequest" because it is missing required fields: (cannot determine missing fields for lite message)
Fontconfig error: Cannot load default config file: No such file: (null)
Error in cpuinfo: failed to parse processor information from /proc/cpuinfo
Fontconfig error: Cannot load default config file: No such file: (null)
Error in cpuinfo: failed to parse processor information from /proc/cpuinfo
Error in cpuinfo: failed to parse processor information from /proc/cpuinfo
[33713:33713:1119/203203.222742:ERROR:shared_image_manager.cc(189)] SharedImageManager::ProduceSkia: Trying to Produce a Skia representation from a non-existent mailbox.
[33713:33713:1119/203203.223072:ERROR:shared_image_manager.cc(189)] SharedImageManager::ProduceSkia: Trying to Produce a Skia representation from a non-existent mailbox.
Fontconfig error: Cannot load default config file: No such file: (null)
Error in cpuinfo: failed to parse processor information from /proc/cpuinfo
[33658:46583:1119/203638.549460:ERROR:cert_verify_proc_builtin.cc(670)] CertVerifyProcBuiltin for i.im failed:
----- Certificate i=0 (emailAddress=root@ip-172-31-4-65.eu-west-2.compute.internal,CN=ip-172-31-4-65.eu-west-2.compute.internal,OU=SomeOrganizationalUnit,O=SomeOrganization,L=SomeCity,ST=SomeState,C=--) -----
ERROR: No matching issuer found


[33714:33720:1119/203638.550025:ERROR:ssl_client_socket_impl.cc(982)] handshake failed; returned -1, SSL error code 1, net_error -202
[33714:33720:1119/203852.126578:ERROR:ssl_client_socket_impl.cc(982)] handshake failed; returned -1, SSL error code 1, net_error -202
Discord 0.0.21
Quitting secondary instance.
Fontconfig error: Cannot load default config file: No such file: (null)
Error in cpuinfo: failed to parse processor information from /proc/cpuinfo
[33714:33720:1119/204329.146696:ERROR:ssl_client_socket_impl.cc(982)] handshake failed; returned -1, SSL error code 1, net_error -202
[33714:33720:1119/204337.929238:ERROR:ssl_client_socket_impl.cc(982)] handshake failed; returned -1, SSL error code 1, net_error -202
[33714:33720:1119/204338.047832:ERROR:ssl_client_socket_impl.cc(982)] handshake failed; returned -1, SSL error code 1, net_error -202
Error in cpuinfo: failed to parse processor information from /proc/cpuinfo
[33713:33713:1119/210942.520722:ERROR:shared_image_manager.cc(189)] SharedImageManager::ProduceSkia: Trying to Produce a Skia representation from a non-existent mailbox.
[33713:33713:1119/210942.521187:ERROR:shared_image_manager.cc(189)] SharedImageManager::ProduceSkia: Trying to Produce a Skia representation from a non-existent mailbox.
[33713:33713:1119/210942.521503:ERROR:shared_image_manager.cc(189)] SharedImageManager::ProduceSkia: Trying to Produce a Skia representation from a non-existent mailbox.
[33713:33713:1119/210942.521845:ERROR:shared_image_manager.cc(189)] SharedImageManager::ProduceSkia: Trying to Produce a Skia representation from a non-existent mailbox.
[33713:33713:1119/210942.522097:ERROR:shared_image_manager.cc(189)] SharedImageManager::ProduceSkia: Trying to Produce a Skia representation from a non-existent mailbox.
[33713:33713:1119/210942.522317:ERROR:shared_image_manager.cc(189)] SharedImageManager::ProduceSkia: Trying to Produce a Skia representation from a non-existent mailbox.
Error in cpuinfo: failed to parse processor information from /proc/cpuinfo
Error in cpuinfo: failed to parse processor information from /proc/cpuinfo
Error in cpuinfo: failed to parse processor information from /proc/cpuinfo
Error in cpuinfo: failed to parse processor information from /proc/cpuinfo
[33658:33658:1119/231842.707625:ERROR:interface_endpoint_client.cc(690)] Message 0 rejected by interface blink.mojom.WidgetHost
Error in cpuinfo: failed to parse processor information from /proc/cpuinfo
Error in cpuinfo: failed to parse processor information from /proc/cpuinfo
Error in cpuinfo: failed to parse processor information from /proc/cpuinfo
Error in cpuinfo: failed to parse processor information from /proc/cpuinfo
Error in cpuinfo: failed to parse processor information from /proc/cpuinfo
[33713:33713:1119/233007.183436:ERROR:shared_image_manager.cc(189)] SharedImageManager::ProduceSkia: Trying to Produce a Skia representation from a non-existent mailbox.
[33713:33713:1119/233007.183805:ERROR:shared_image_manager.cc(189)] SharedImageManager::ProduceSkia: Trying to Produce a Skia representation from a non-existent mailbox.
Error in cpuinfo: failed to parse processor information from /proc/cpuinfo
Error in cpuinfo: failed to parse processor information from /proc/cpuinfo
Fontconfig error: Cannot load default config file: No such file: (null)
[33714:33720:1120/005612.640175:ERROR:ssl_client_socket_impl.cc(982)] handshake failed; returned -1, SSL error code 1, net_error -200
[33714:33720:1120/005613.043932:ERROR:ssl_client_socket_impl.cc(982)] handshake failed; returned -1, SSL error code 1, net_error -200
[33714:33720:1120/005613.224513:ERROR:ssl_client_socket_impl.cc(982)] handshake failed; returned -1, SSL error code 1, net_error -200
[33714:33720:1120/005613.231558:ERROR:ssl_client_socket_impl.cc(982)] handshake failed; returned -1, SSL error code 1, net_error -200
[33714:33720:1120/005613.334457:ERROR:ssl_client_socket_impl.cc(982)] handshake failed; returned -1, SSL error code 1, net_error -200
[33714:33720:1120/005613.350627:ERROR:ssl_client_socket_impl.cc(982)] handshake failed; returned -1, SSL error code 1, net_error -200
[33714:33720:1120/005613.482407:ERROR:ssl_client_socket_impl.cc(982)] handshake failed; returned -1, SSL error code 1, net_error -200
[33714:33720:1120/005614.418580:ERROR:ssl_client_socket_impl.cc(982)] handshake failed; returned -1, SSL error code 1, net_error -200
Fontconfig error: Cannot load default config file: No such file: (null)
[33714:33720:1120/005614.574221:ERROR:ssl_client_socket_impl.cc(982)] handshake failed; returned -1, SSL error code 1, net_error -200
[33714:33720:1120/005614.692991:ERROR:ssl_client_socket_impl.cc(982)] handshake failed; returned -1, SSL error code 1, net_error -200
Error in cpuinfo: failed to parse processor information from /proc/cpuinfo
Error in cpuinfo: failed to parse processor information from /proc/cpuinfo
Error in cpuinfo: failed to parse processor information from /proc/cpuinfo
Error in cpuinfo: failed to parse processor information from /proc/cpuinfo
Error in cpuinfo: failed to parse processor information from /proc/cpuinfo
Error in cpuinfo: failed to parse processor information from /proc/cpuinfo
Discord 0.0.21
Starting app.
Starting updater.
[Modules] Modules initializing
[Modules] Distribution: remote
[Modules] Host updates: enabled
[Modules] Module updates: enabled
[Modules] Module install path: /home/catsoup/.config/discord/0.0.21/modules
[Modules] Module installed file path: /home/catsoup/.config/discord/0.0.21/modules/installed.json
[Modules] Module download path: /home/catsoup/.config/discord/0.0.21/modules/pending
[Modules] No updates to install
[Modules] Checking for host updates.
[Modules] Host is up to date.
[Modules] Checking for module updates at https://discord.com/api/modules/stable/versions.json
[Modules] No module updates available.
Optional module ./ElectronTestRpc was not included.
WEIGHT /home/catsoup/.config/discord/0.0.21/modules/discord_krisp/NC_small_8k.thw
WEIGHT /home/catsoup/.config/discord/0.0.21/modules/discord_krisp/NC_small_16k.thw
WEIGHT /home/catsoup/.config/discord/0.0.21/modules/discord_krisp/c6.s.f.27f1a3.thw
WEIGHT /home/catsoup/.config/discord/0.0.21/modules/discord_krisp/VAD_weight.thw
[Modules] Checking for host updates.
[Modules] Host is up to date.
[Modules] Checking for module updates at https://discord.com/api/modules/stable/versions.json
[Modules] No module updates available.
[Modules] Checking for host updates.
[Modules] Host is up to date.
[Modules] Checking for module updates at https://discord.com/api/modules/stable/versions.json
[Modules] No module updates available.
[19826:19826:1128/191932.226115:ERROR:gl_utils.cc(319)] [.RendererMainThread-0x126c00337f00]GL Driver Message (OpenGL, Performance, GL_CLOSE_PATH_NV, High): GPU stall due to ReadPixels
[19826:19826:1128/191932.231285:ERROR:gl_utils.cc(319)] [.RendererMainThread-0x126c00337f00]GL Driver Message (OpenGL, Performance, GL_CLOSE_PATH_NV, High): GPU stall due to ReadPixels
[19826:19826:1128/191932.246255:ERROR:gl_utils.cc(319)] [.RendererMainThread-0x126c00337f00]GL Driver Message (OpenGL, Performance, GL_CLOSE_PATH_NV, High): GPU stall due to ReadPixels
[19826:19826:1128/191932.253844:ERROR:gl_utils.cc(319)] [.RendererMainThread-0x126c00337f00]GL Driver Message (OpenGL, Performance, GL_CLOSE_PATH_NV, High): GPU stall due to ReadPixels (this message will no longer repeat)
Error in cpuinfo: failed to parse processor information from /proc/cpuinfo
Error in cpuinfo: failed to parse processor information from /proc/cpuinfo
Error in cpuinfo: failed to parse processor information from /proc/cpuinfo
Error in cpuinfo: failed to parse processor information from /proc/cpuinfo
Error in cpuinfo: failed to parse processor information from /proc/cpuinfo
[INFO] Hi there
[INFO] plugins dir set to:  "/usr/lib/nomacs-plugins"
[INFO] local client created in:  2 ms
[INFO] theme loaded from "/usr/share/nomacs/Image Lounge/themes/Dark-Theme.css"
[INFO] CSS loaded from:  ":/nomacs/stylesheet.css"
[INFO] Initialization takes:  228 ms
[INFO] [DkImageLoader] 17 containers created in 0 ms
[INFO] [DkImageLoader] after sorting:  0 ms
[INFO] [Basic Loader] "/home/catsoup/Pictures/finaldates.png" loaded in 7 ms
[INFO] [Basic Loader] "/home/catsoup/Pictures/kitty_with_background.png" loaded in 43 ms
[WARNING] DkImageStorage::computeIntern was called without a need...
[INFO] Hi there
[INFO] plugins dir set to:  "/usr/lib/nomacs-plugins"
[INFO] local client created in:  6 ms
[INFO] theme loaded from "/usr/share/nomacs/Image Lounge/themes/Dark-Theme.css"
[INFO] CSS loaded from:  ":/nomacs/stylesheet.css"
[INFO] Initialization takes:  238 ms
[INFO] [DkImageLoader] 17 containers created in 0 ms
[INFO] [DkImageLoader] after sorting:  0 ms
[INFO] [Basic Loader] "/home/catsoup/Pictures/finaldates.png" loaded in 8 ms
[INFO] [Basic Loader] "/home/catsoup/Pictures/kitty_with_background.png" loaded in 52 ms
[WARNING] DkImageStorage::computeIntern was called without a need...
Discord 0.0.21
Starting app.
Starting updater.
[Modules] Modules initializing
[Modules] Distribution: remote
[Modules] Host updates: enabled
[Modules] Module updates: enabled
[Modules] Module install path: /home/catsoup/.config/discord/0.0.21/modules
[Modules] Module installed file path: /home/catsoup/.config/discord/0.0.21/modules/installed.json
[Modules] Module download path: /home/catsoup/.config/discord/0.0.21/modules/pending
[Modules] No updates to install
[Modules] Checking for host updates.
[Modules] Host is up to date.
[Modules] Checking for module updates at https://discord.com/api/modules/stable/versions.json
[Modules] No module updates available.
Optional module ./ElectronTestRpc was not included.
WEIGHT /home/catsoup/.config/discord/0.0.21/modules/discord_krisp/NC_small_8k.thw
WEIGHT /home/catsoup/.config/discord/0.0.21/modules/discord_krisp/NC_small_16k.thw
WEIGHT /home/catsoup/.config/discord/0.0.21/modules/discord_krisp/c6.s.f.27f1a3.thw
WEIGHT /home/catsoup/.config/discord/0.0.21/modules/discord_krisp/VAD_weight.thw
[Modules] Checking for host updates.
[Modules] Host is up to date.
[Modules] Checking for module updates at https://discord.com/api/modules/stable/versions.json
[Modules] No module updates available.

(org.gnome.Nautilus:20846): dconf-WARNING **: 21:01:28.836: Unable to open /root/.local/share/flatpak/exports/share/dconf/profile/user: Permission denied
